<?xml version="1.0" encoding="utf-8"?><testsuites name="pytest tests"><testsuite name="pytest" errors="0" failures="0" skipped="0" tests="15" time="0.071" timestamp="2026-07-17T12:13:17.066886+09:00" hostname="DESKTOP-VEMAEDM"><testcase classname="agent_runtime.tests.test_boundary" name="test_runtime_uses_adapter_strictly" time="0.001" /><testcase classname="agent_runtime.tests.test_boundary.Test_Runtime_CannotImportKernel" name="test_import_blocked" time="0.001" /><testcase classname="agent_runtime.tests.test_boundary.Test_Runtime_CannotUseSQLite" name="test_sqlite3_import_blocked" time="0.000" /><testcase classname="agent_runtime.tests.test_boundary.Test_Runtime_CannotSetCompleted" name="test_completed_state_forbidden" time="0.000" /><testcase classname="agent_runtime.tests.test_boundary.Test_Runtime_CannotCallVerifier" name="test_verifier_import_blocked" time="0.000" /><testcase classname="agent_runtime.tests.test_boundary.Test_Runtime_CannotBypassAdapter" name="test_bypass_raises_violation" time="0.000" /><testcase classname="agent_runtime.tests.test_memory" name="test_memory_isolation" time="0.000" /><testcase classname="agent_runtime.tests.test_recovery" name="test_retry_budget_exhaustion" time="0.022" /><testcase classname="agent_runtime.tests.test_recovery" name="test_crash_recovery_with_receipt" time="0.000" /><testcase classname="agent_runtime.tests.test_recovery" name="test_wait_required" time="0.000" /><testcase classname="agent_runtime.tests.test_recovery" name="test_fatal_error" time="0.000" /><testcase classname="agent_runtime.tests.test_recovery" name="test_unknown_receipt_raises_recovery_error" time="0.000" /><testcase classname="agent_runtime.tests.test_recovery" name="test_revision_mismatch_aborts_execution" time="0.001" /><testcase classname="agent_runtime.tests.test_runtime" name="test_revision_concurrency_control" time="0.001" /><testcase classname="agent_runtime.tests.test_runtime" name="test_missing_apis_raises_not_implemented" time="0.000" /></testsuite></testsuites>